[2026-05-31 15:30:15] 🔍 Background search started (PID: 30144)
[2026-05-31 15:30:15] 🔍 Querying DexScreener APIs...
[2026-05-31 15:30:15]   - Consultando: token-profiles...
[2026-05-31 15:30:18]   ✓ token-profiles: 30 tokens
[2026-05-31 15:30:18]     → Getting data for: 6tnPqaWLnRvTSHb19evMtbV4fW498gvJauw4ZWn3pump...
[2026-05-31 15:30:18]     → Getting data for: Gn2oVVs2QrpniBXWcW8hRvb9HisbtGatkKXRghvRpump...
[2026-05-31 15:30:18]     → Getting data for: QN1WEwrGQDeBGM62JtXKdF4WrX7Q5ZZu1BWeRUuq7mp...
[2026-05-31 15:30:19]     → Getting data for: 38gUnuxPq9uhCDQyCcpXyTKxRMU73hCLjtFnw85Hpump...
[2026-05-31 15:30:19]     → Getting data for: AJtiLDzaBAJwvg6aaYBW5TRf7uc7wmZaJy8uGeNNpump...
[2026-05-31 15:30:19]     → Getting data for: CdUZM9t1cj4FVCCXxoN8bPrANfvEgojLshzPe42jpump...
[2026-05-31 15:30:20]     → Getting data for: 5QDjk5NCyoqWD4aDocp7uSrTYpbsgssKqmatX7uupump...
[2026-05-31 15:30:20]     → Getting data for: 58y1A3ZnVTJFoDEZ3pkjxpY7tYbsXGf1aTrfsHPXpump...
[2026-05-31 15:30:20]     → Getting data for: C3R12DmtkKCaCQyYiA1drAhdqFxg2GDRetF3hTqqpump...
[2026-05-31 15:30:21]     → Getting data for: 0x210257aB323F21C3dF7ead86F3F171218abb5bA3...
[2026-05-31 15:30:21]     → Getting data for: mQ5qNbtKX1bkyVCYxZRbcwX9wTavb2c6uH1k6XCpump...
[2026-05-31 15:30:21]     → Getting data for: 9MNHXRa8bZkFoT6YvZxfaU8NehQHYRntijjYq88G34yN...
[2026-05-31 15:30:22]     → Getting data for: HWzcG6iB1a9w81h2Au5LNhtSebBdRVPTARLxJovaXaSZ...
[2026-05-31 15:30:22]     → Getting data for: 0xAC7Ac07E28D7c14EA2584F10a0c9c66E89EbD33a...
[2026-05-31 15:30:23]     → Getting data for: 0x231B2f67cCe94a419fFA4Be8612c13c98555a75A...
[2026-05-31 15:30:23]     → Getting data for: J6QRzNcj3yo1wUvBsmNa47LQPtTehhW8u15s77V3pump...
[2026-05-31 15:30:23]     → Getting data for: EQDgdZ_F81Gb51rr5d5Q0O4f8b22v8gT3n3JldH3hRqsi-Dr...
[2026-05-31 15:30:24]     → Getting data for: 3tgvRyQ6oHhns9ZeyfNzdYYXpoJwDcQmsUZcvMAWpump...
[2026-05-31 15:30:24]     → Getting data for: FnKT5JcZZ58k5ttcdcSoBa98B2o3d1YoYaXHjYw1pump...
[2026-05-31 15:30:24]     → Getting data for: 26YaicnAAAKfGRUrN1Y871rzTUTduA7kh85ST6t7RDP5...
[2026-05-31 15:30:25]     → Getting data for: 6VCDMFH6sX6HxfKYVcwnBbUswAsVEdq69dqXNhzqpump...
[2026-05-31 15:30:25]     → Getting data for: F7yomBvRX6GapjeXXc8SQUqEtfTbGJofBch2iP6Upump...
[2026-05-31 15:30:25]     → Getting data for: 9PideL53VRcjrDN1sLacYKPr2vm9PoR4UGXotLUKpump...
[2026-05-31 15:30:26]     → Getting data for: 8U6HF7ry3Piq7NV1cLHvi9vpc3rUBmmL2oTZHXRJpump...
[2026-05-31 15:30:26]     → Getting data for: 3RpCdD3FSH5img9GFk74bzdJxuUpWrbF4Y75Sy4fpump...
[2026-05-31 15:30:26]     → Getting data for: B7TC8zNHeZKccf64n53p4KUnVMUd9V3XuaT1fmnopump...
[2026-05-31 15:30:26]     → Getting data for: 0xBe88938308770913c8252e8d37E725fe5214D3fD...
[2026-05-31 15:30:27]     → Getting data for: FgddJNwVBQq8j3L53SJnwXVT3Q5UmqZenGRJvZnuTb6F...
[2026-05-31 15:30:27]     → Getting data for: ACEyAX3psy6krBDFk3ofmgAhfZuMzP6TA11emP5cpump...
[2026-05-31 15:30:28]     → Getting data for: 0x200f55Ea177C6E4D0ccea11C0903B0059B040BA3...
[2026-05-31 15:30:28]   - Consultando: community-takeovers...
